<?xml version="1.0" encoding="UTF-8"?>
<!-- Generated by org.testng.reporters.JUnitReportReporter -->
<testsuite hostname="LAPTOP-ESG7EVUM" failures="0" tests="1" name="AlertDemo.IframeDemo" time="3.155" errors="0" timestamp="2023-12-24T12:21:48 CET" skipped="0">
  <testcase classname="AlertDemo.IframeDemo" name="iframeDemo" time="3.155"/>
  <system-out/>
</testsuite> <!-- AlertDemo.IframeDemo -->
