<?xml version="1.0" encoding="UTF-8"?>
<!-- Generated by org.testng.reporters.JUnitReportReporter -->
<testsuite hostname="LAPTOP-ESG7EVUM" failures="0" tests="3" name="AlertDemo.MultipleTabDemo" time="10.743" errors="0" timestamp="2023-12-25T16:49:53 CET" skipped="0">
  <testcase classname="AlertDemo.MultipleTabDemo" name="test" time="6.647"/>
  <system-out/>
  <testcase classname="AlertDemo.MultipleTabDemo" name="test2" time="1.642"/>
  <system-out/>
  <testcase classname="AlertDemo.MultipleTabDemo" name="test3" time="2.454"/>
  <system-out/>
</testsuite> <!-- AlertDemo.MultipleTabDemo -->
