<?xml version="1.0" encoding="UTF-8"?>
<!-- Generated by org.testng.reporters.JUnitReportReporter -->
<testsuite hostname="LAPTOP-ESG7EVUM" failures="0" tests="1" name="AlertDemo.Javascript" time="5.114" errors="0" timestamp="2023-12-24T00:30:07 CET" skipped="0">
  <testcase classname="AlertDemo.Javascript" name="alertDemo" time="5.114"/>
  <system-out/>
</testsuite> <!-- AlertDemo.Javascript -->
